<?xml version="1.0" encoding="UTF-8"?>
<testng-results ignored="0" total="1" passed="1" failed="0" skipped="0">
  <reporter-output>
  </reporter-output>
  <suite started-at="2024-11-22T22:14:12 IST" name="Suite" finished-at="2024-11-22T22:14:12 IST" duration-ms="65">
    <groups>
    </groups>
    <test started-at="2024-11-22T22:14:12 IST" name="Pankaj-Test" finished-at="2024-11-22T22:14:12 IST" duration-ms="65">
      <class name="novjenkindemo.firstpage.LoginPage">
        <test-method is-config="true" signature="beforeSuite()[pri:0, instance:novjenkindemo.firstpage.LoginPage@6302bbb1]" started-at="2024-11-22T22:14:12 IST" name="beforeSuite" finished-at="2024-11-22T22:14:12 IST" duration-ms="9" status="PASS">
          <reporter-output>
          </reporter-output>
        </test-method> <!-- beforeSuite -->
        <test-method is-config="true" signature="beforeTest()[pri:0, instance:novjenkindemo.firstpage.LoginPage@6302bbb1]" started-at="2024-11-22T22:14:12 IST" name="beforeTest" finished-at="2024-11-22T22:14:12 IST" duration-ms="1" status="PASS">
          <reporter-output>
          </reporter-output>
        </test-method> <!-- beforeTest -->
        <test-method is-config="true" signature="beforeClass()[pri:0, instance:novjenkindemo.firstpage.LoginPage@6302bbb1]" started-at="2024-11-22T22:14:12 IST" name="beforeClass" finished-at="2024-11-22T22:14:12 IST" duration-ms="1" status="PASS">
          <reporter-output>
          </reporter-output>
        </test-method> <!-- beforeClass -->
        <test-method is-config="true" signature="beforeMethod()[pri:0, instance:novjenkindemo.firstpage.LoginPage@6302bbb1]" started-at="2024-11-22T22:14:12 IST" name="beforeMethod" finished-at="2024-11-22T22:14:12 IST" duration-ms="1" status="PASS">
          <reporter-output>
          </reporter-output>
        </test-method> <!-- beforeMethod -->
        <test-method signature="test()[pri:0, instance:novjenkindemo.firstpage.LoginPage@6302bbb1]" started-at="2024-11-22T22:14:12 IST" name="test" finished-at="2024-11-22T22:14:12 IST" duration-ms="11" status="PASS">
          <reporter-output>
          </reporter-output>
        </test-method> <!-- test -->
        <test-method is-config="true" signature="afterMethod()[pri:0, instance:novjenkindemo.firstpage.LoginPage@6302bbb1]" started-at="2024-11-22T22:14:12 IST" name="afterMethod" finished-at="2024-11-22T22:14:12 IST" duration-ms="0" status="PASS">
          <reporter-output>
          </reporter-output>
        </test-method> <!-- afterMethod -->
        <test-method is-config="true" signature="afterClass()[pri:0, instance:novjenkindemo.firstpage.LoginPage@6302bbb1]" started-at="2024-11-22T22:14:12 IST" name="afterClass" finished-at="2024-11-22T22:14:12 IST" duration-ms="1" status="PASS">
          <reporter-output>
          </reporter-output>
        </test-method> <!-- afterClass -->
        <test-method is-config="true" signature="afterTest()[pri:0, instance:novjenkindemo.firstpage.LoginPage@6302bbb1]" started-at="2024-11-22T22:14:12 IST" name="afterTest" finished-at="2024-11-22T22:14:12 IST" duration-ms="0" status="PASS">
          <reporter-output>
          </reporter-output>
        </test-method> <!-- afterTest -->
        <test-method is-config="true" signature="afterSuite()[pri:0, instance:novjenkindemo.firstpage.LoginPage@6302bbb1]" started-at="2024-11-22T22:14:12 IST" name="afterSuite" finished-at="2024-11-22T22:14:12 IST" duration-ms="1" status="PASS">
          <reporter-output>
          </reporter-output>
        </test-method> <!-- afterSuite -->
      </class> <!-- novjenkindemo.firstpage.LoginPage -->
    </test> <!-- Pankaj-Test -->
  </suite> <!-- Suite -->
</testng-results>
